2021-07-28 10:07:04,016 ERROR [WsdlSubmit] Exception in request: org.apache.http.conn.HttpHostConnectException: Connection to http://www.dneonline.com refused
2021-07-28 10:07:04,021 ERROR [errorlog] org.apache.http.conn.HttpHostConnectException: Connection to http://www.dneonline.com refused
org.apache.http.conn.HttpHostConnectException: Connection to http://www.dneonline.com refused
	at com.eviware.soapui.impl.wsdl.support.http.SoapUIMultiThreadedHttpConnectionManager$SoapUIClientConnectionOperator.openConnection(SoapUIMultiThreadedHttpConnectionManager.java:332)
	at org.apache.http.impl.conn.AbstractPoolEntry.open(AbstractPoolEntry.java:149)
	at org.apache.http.impl.conn.AbstractPooledConnAdapter.open(AbstractPooledConnAdapter.java:121)
	at org.apache.http.impl.client.DefaultRequestDirector.tryConnect(DefaultRequestDirector.java:561)
	at org.apache.http.impl.client.DefaultRequestDirector.execute(DefaultRequestDirector.java:415)
	at org.apache.http.impl.client.AbstractHttpClient.execute(AbstractHttpClient.java:820)
	at org.apache.http.impl.client.AbstractHttpClient.execute(AbstractHttpClient.java:754)
	at com.eviware.soapui.impl.wsdl.support.http.HttpClientSupport$Helper.execute(HttpClientSupport.java:247)
	at com.eviware.soapui.impl.wsdl.support.http.HttpClientSupport.execute(HttpClientSupport.java:362)
	at com.eviware.soapui.impl.wsdl.submit.transports.http.HttpClientRequestTransport.submitRequest(HttpClientRequestTransport.java:324)
	at com.eviware.soapui.impl.wsdl.submit.transports.http.HttpClientRequestTransport.sendRequest(HttpClientRequestTransport.java:237)
	at com.eviware.soapui.impl.wsdl.WsdlSubmit.run(WsdlSubmit.java:127)
	at com.eviware.soapui.impl.wsdl.WsdlSubmit.submitRequest(WsdlSubmit.java:80)
	at com.eviware.soapui.impl.wsdl.WsdlRequest.submit(WsdlRequest.java:242)
	at com.eviware.soapui.impl.wsdl.teststeps.WsdlTestRequestStep.run(WsdlTestRequestStep.java:419)
	at com.eviware.soapui.impl.wsdl.support.AbstractTestCaseRunner.runTestStep(AbstractTestCaseRunner.java:239)
	at com.eviware.soapui.impl.wsdl.testcase.WsdlTestCaseRunner.runCurrentTestStep(WsdlTestCaseRunner.java:52)
	at com.eviware.soapui.impl.wsdl.support.AbstractTestCaseRunner.internalRun(AbstractTestCaseRunner.java:152)
	at com.eviware.soapui.impl.wsdl.support.AbstractTestCaseRunner.internalRun(AbstractTestCaseRunner.java:47)
	at com.eviware.soapui.impl.wsdl.support.AbstractTestRunner.run(AbstractTestRunner.java:139)
	at java.base/java.util.concurrent.Executors$RunnableAdapter.call(Executors.java:515)
	at java.base/java.util.concurrent.FutureTask.run(FutureTask.java:264)
	at java.base/java.util.concurrent.ThreadPoolExecutor.runWorker(ThreadPoolExecutor.java:1128)
	at java.base/java.util.concurrent.ThreadPoolExecutor$Worker.run(ThreadPoolExecutor.java:628)
	at java.base/java.lang.Thread.run(Thread.java:834)
Caused by: java.net.ConnectException: Connection timed out: connect
	at java.base/java.net.PlainSocketImpl.connect0(Native Method)
	at java.base/java.net.PlainSocketImpl.socketConnect(PlainSocketImpl.java:101)
	at java.base/java.net.AbstractPlainSocketImpl.doConnect(AbstractPlainSocketImpl.java:399)
	at java.base/java.net.AbstractPlainSocketImpl.connectToAddress(AbstractPlainSocketImpl.java:242)
	at java.base/java.net.AbstractPlainSocketImpl.connect(AbstractPlainSocketImpl.java:224)
	at java.base/java.net.SocksSocketImpl.connect(SocksSocketImpl.java:363)
	at java.base/java.net.Socket.connect(Socket.java:608)
	at org.apache.http.conn.scheme.PlainSocketFactory.connectSocket(PlainSocketFactory.java:123)
	at com.eviware.soapui.impl.wsdl.support.http.SoapUIMultiThreadedHttpConnectionManager$SoapUIClientConnectionOperator.openConnection(SoapUIMultiThreadedHttpConnectionManager.java:310)
	... 24 more
2021-07-28 10:12:34,614 ERROR [WsdlSubmit] Exception in request: java.net.SocketTimeoutException: Read timed out
2021-07-28 10:12:34,618 ERROR [errorlog] java.net.SocketTimeoutException: Read timed out
java.net.SocketTimeoutException: Read timed out
	at java.base/java.net.SocketInputStream.socketRead0(Native Method)
	at java.base/java.net.SocketInputStream.socketRead(SocketInputStream.java:115)
	at java.base/java.net.SocketInputStream.read(SocketInputStream.java:168)
	at java.base/java.net.SocketInputStream.read(SocketInputStream.java:140)
	at org.apache.http.impl.io.AbstractSessionInputBuffer.fillBuffer(AbstractSessionInputBuffer.java:149)
	at org.apache.http.impl.io.SocketInputBuffer.fillBuffer(SocketInputBuffer.java:110)
	at org.apache.http.impl.io.AbstractSessionInputBuffer.readLine(AbstractSessionInputBuffer.java:264)
	at org.apache.http.impl.conn.DefaultResponseParser.parseHead(DefaultResponseParser.java:98)
	at org.apache.http.impl.io.AbstractMessageParser.parse(AbstractMessageParser.java:252)
	at org.apache.http.impl.AbstractHttpClientConnection.receiveResponseHeader(AbstractHttpClientConnection.java:281)
	at org.apache.http.impl.conn.DefaultClientConnection.receiveResponseHeader(DefaultClientConnection.java:247)
	at org.apache.http.impl.conn.AbstractClientConnAdapter.receiveResponseHeader(AbstractClientConnAdapter.java:219)
	at com.eviware.soapui.impl.wsdl.support.http.HttpClientSupport$SoapUIHttpRequestExecutor.doReceiveResponse(HttpClientSupport.java:147)
	at org.apache.http.protocol.HttpRequestExecutor.execute(HttpRequestExecutor.java:125)
	at org.apache.http.impl.client.DefaultRequestDirector.tryExecute(DefaultRequestDirector.java:633)
	at org.apache.http.impl.client.DefaultRequestDirector.execute(DefaultRequestDirector.java:454)
	at org.apache.http.impl.client.AbstractHttpClient.execute(AbstractHttpClient.java:820)
	at org.apache.http.impl.client.AbstractHttpClient.execute(AbstractHttpClient.java:754)
	at com.eviware.soapui.impl.wsdl.support.http.HttpClientSupport$Helper.execute(HttpClientSupport.java:247)
	at com.eviware.soapui.impl.wsdl.support.http.HttpClientSupport.execute(HttpClientSupport.java:362)
	at com.eviware.soapui.impl.wsdl.submit.transports.http.HttpClientRequestTransport.submitRequest(HttpClientRequestTransport.java:324)
	at com.eviware.soapui.impl.wsdl.submit.transports.http.HttpClientRequestTransport.sendRequest(HttpClientRequestTransport.java:237)
	at com.eviware.soapui.impl.wsdl.WsdlSubmit.run(WsdlSubmit.java:127)
	at com.eviware.soapui.impl.wsdl.WsdlSubmit.submitRequest(WsdlSubmit.java:80)
	at com.eviware.soapui.impl.wsdl.WsdlRequest.submit(WsdlRequest.java:242)
	at com.eviware.soapui.impl.wsdl.teststeps.WsdlTestRequestStep.run(WsdlTestRequestStep.java:419)
	at com.eviware.soapui.impl.wsdl.support.AbstractTestCaseRunner.runTestStep(AbstractTestCaseRunner.java:239)
	at com.eviware.soapui.impl.wsdl.testcase.WsdlTestCaseRunner.runCurrentTestStep(WsdlTestCaseRunner.java:52)
	at com.eviware.soapui.impl.wsdl.support.AbstractTestCaseRunner.internalRun(AbstractTestCaseRunner.java:152)
	at com.eviware.soapui.impl.wsdl.support.AbstractTestCaseRunner.internalRun(AbstractTestCaseRunner.java:47)
	at com.eviware.soapui.impl.wsdl.support.AbstractTestRunner.run(AbstractTestRunner.java:139)
	at java.base/java.util.concurrent.Executors$RunnableAdapter.call(Executors.java:515)
	at java.base/java.util.concurrent.FutureTask.run(FutureTask.java:264)
	at java.base/java.util.concurrent.ThreadPoolExecutor.runWorker(ThreadPoolExecutor.java:1128)
	at java.base/java.util.concurrent.ThreadPoolExecutor$Worker.run(ThreadPoolExecutor.java:628)
	at java.base/java.lang.Thread.run(Thread.java:834)
2021-07-28 10:12:55,836 ERROR [WsdlSubmit] Exception in request: org.apache.http.conn.HttpHostConnectException: Connection to http://www.dneonline.com refused
2021-07-28 10:12:55,840 ERROR [errorlog] org.apache.http.conn.HttpHostConnectException: Connection to http://www.dneonline.com refused
org.apache.http.conn.HttpHostConnectException: Connection to http://www.dneonline.com refused
	at com.eviware.soapui.impl.wsdl.support.http.SoapUIMultiThreadedHttpConnectionManager$SoapUIClientConnectionOperator.openConnection(SoapUIMultiThreadedHttpConnectionManager.java:332)
	at org.apache.http.impl.conn.AbstractPoolEntry.open(AbstractPoolEntry.java:149)
	at org.apache.http.impl.conn.AbstractPooledConnAdapter.open(AbstractPooledConnAdapter.java:121)
	at org.apache.http.impl.client.DefaultRequestDirector.tryConnect(DefaultRequestDirector.java:561)
	at org.apache.http.impl.client.DefaultRequestDirector.execute(DefaultRequestDirector.java:415)
	at org.apache.http.impl.client.AbstractHttpClient.execute(AbstractHttpClient.java:820)
	at org.apache.http.impl.client.AbstractHttpClient.execute(AbstractHttpClient.java:754)
	at com.eviware.soapui.impl.wsdl.support.http.HttpClientSupport$Helper.execute(HttpClientSupport.java:247)
	at com.eviware.soapui.impl.wsdl.support.http.HttpClientSupport.execute(HttpClientSupport.java:362)
	at com.eviware.soapui.impl.wsdl.submit.transports.http.HttpClientRequestTransport.submitRequest(HttpClientRequestTransport.java:324)
	at com.eviware.soapui.impl.wsdl.submit.transports.http.HttpClientRequestTransport.sendRequest(HttpClientRequestTransport.java:237)
	at com.eviware.soapui.impl.wsdl.WsdlSubmit.run(WsdlSubmit.java:127)
	at com.eviware.soapui.impl.wsdl.WsdlSubmit.submitRequest(WsdlSubmit.java:80)
	at com.eviware.soapui.impl.wsdl.WsdlRequest.submit(WsdlRequest.java:242)
	at com.eviware.soapui.impl.wsdl.teststeps.WsdlTestRequestStep.run(WsdlTestRequestStep.java:419)
	at com.eviware.soapui.impl.wsdl.support.AbstractTestCaseRunner.runTestStep(AbstractTestCaseRunner.java:239)
	at com.eviware.soapui.impl.wsdl.testcase.WsdlTestCaseRunner.runCurrentTestStep(WsdlTestCaseRunner.java:52)
	at com.eviware.soapui.impl.wsdl.support.AbstractTestCaseRunner.internalRun(AbstractTestCaseRunner.java:152)
	at com.eviware.soapui.impl.wsdl.support.AbstractTestCaseRunner.internalRun(AbstractTestCaseRunner.java:47)
	at com.eviware.soapui.impl.wsdl.support.AbstractTestRunner.run(AbstractTestRunner.java:139)
	at java.base/java.util.concurrent.Executors$RunnableAdapter.call(Executors.java:515)
	at java.base/java.util.concurrent.FutureTask.run(FutureTask.java:264)
	at java.base/java.util.concurrent.ThreadPoolExecutor.runWorker(ThreadPoolExecutor.java:1128)
	at java.base/java.util.concurrent.ThreadPoolExecutor$Worker.run(ThreadPoolExecutor.java:628)
	at java.base/java.lang.Thread.run(Thread.java:834)
Caused by: java.net.ConnectException: Connection timed out: connect
	at java.base/java.net.PlainSocketImpl.connect0(Native Method)
	at java.base/java.net.PlainSocketImpl.socketConnect(PlainSocketImpl.java:101)
	at java.base/java.net.AbstractPlainSocketImpl.doConnect(AbstractPlainSocketImpl.java:399)
	at java.base/java.net.AbstractPlainSocketImpl.connectToAddress(AbstractPlainSocketImpl.java:242)
	at java.base/java.net.AbstractPlainSocketImpl.connect(AbstractPlainSocketImpl.java:224)
	at java.base/java.net.SocksSocketImpl.connect(SocksSocketImpl.java:363)
	at java.base/java.net.Socket.connect(Socket.java:608)
	at org.apache.http.conn.scheme.PlainSocketFactory.connectSocket(PlainSocketFactory.java:123)
	at com.eviware.soapui.impl.wsdl.support.http.SoapUIMultiThreadedHttpConnectionManager$SoapUIClientConnectionOperator.openConnection(SoapUIMultiThreadedHttpConnectionManager.java:310)
	... 24 more
2021-07-28 10:13:29,933 ERROR [WsdlSubmit] Exception in request: org.apache.http.conn.HttpHostConnectException: Connection to http://www.dneonline.com refused
2021-07-28 10:13:29,936 ERROR [errorlog] org.apache.http.conn.HttpHostConnectException: Connection to http://www.dneonline.com refused
org.apache.http.conn.HttpHostConnectException: Connection to http://www.dneonline.com refused
	at com.eviware.soapui.impl.wsdl.support.http.SoapUIMultiThreadedHttpConnectionManager$SoapUIClientConnectionOperator.openConnection(SoapUIMultiThreadedHttpConnectionManager.java:332)
	at org.apache.http.impl.conn.AbstractPoolEntry.open(AbstractPoolEntry.java:149)
	at org.apache.http.impl.conn.AbstractPooledConnAdapter.open(AbstractPooledConnAdapter.java:121)
	at org.apache.http.impl.client.DefaultRequestDirector.tryConnect(DefaultRequestDirector.java:561)
	at org.apache.http.impl.client.DefaultRequestDirector.execute(DefaultRequestDirector.java:415)
	at org.apache.http.impl.client.AbstractHttpClient.execute(AbstractHttpClient.java:820)
	at org.apache.http.impl.client.AbstractHttpClient.execute(AbstractHttpClient.java:754)
	at com.eviware.soapui.impl.wsdl.support.http.HttpClientSupport$Helper.execute(HttpClientSupport.java:247)
	at com.eviware.soapui.impl.wsdl.support.http.HttpClientSupport.execute(HttpClientSupport.java:362)
	at com.eviware.soapui.impl.wsdl.submit.transports.http.HttpClientRequestTransport.submitRequest(HttpClientRequestTransport.java:324)
	at com.eviware.soapui.impl.wsdl.submit.transports.http.HttpClientRequestTransport.sendRequest(HttpClientRequestTransport.java:237)
	at com.eviware.soapui.impl.wsdl.WsdlSubmit.run(WsdlSubmit.java:127)
	at com.eviware.soapui.impl.wsdl.WsdlSubmit.submitRequest(WsdlSubmit.java:80)
	at com.eviware.soapui.impl.wsdl.WsdlRequest.submit(WsdlRequest.java:242)
	at com.eviware.soapui.impl.wsdl.teststeps.WsdlTestRequestStep.run(WsdlTestRequestStep.java:419)
	at com.eviware.soapui.impl.wsdl.support.AbstractTestCaseRunner.runTestStep(AbstractTestCaseRunner.java:239)
	at com.eviware.soapui.impl.wsdl.testcase.WsdlTestCaseRunner.runCurrentTestStep(WsdlTestCaseRunner.java:52)
	at com.eviware.soapui.impl.wsdl.support.AbstractTestCaseRunner.internalRun(AbstractTestCaseRunner.java:152)
	at com.eviware.soapui.impl.wsdl.support.AbstractTestCaseRunner.internalRun(AbstractTestCaseRunner.java:47)
	at com.eviware.soapui.impl.wsdl.support.AbstractTestRunner.run(AbstractTestRunner.java:139)
	at java.base/java.util.concurrent.Executors$RunnableAdapter.call(Executors.java:515)
	at java.base/java.util.concurrent.FutureTask.run(FutureTask.java:264)
	at java.base/java.util.concurrent.ThreadPoolExecutor.runWorker(ThreadPoolExecutor.java:1128)
	at java.base/java.util.concurrent.ThreadPoolExecutor$Worker.run(ThreadPoolExecutor.java:628)
	at java.base/java.lang.Thread.run(Thread.java:834)
Caused by: java.net.ConnectException: Connection timed out: connect
	at java.base/java.net.PlainSocketImpl.connect0(Native Method)
	at java.base/java.net.PlainSocketImpl.socketConnect(PlainSocketImpl.java:101)
	at java.base/java.net.AbstractPlainSocketImpl.doConnect(AbstractPlainSocketImpl.java:399)
	at java.base/java.net.AbstractPlainSocketImpl.connectToAddress(AbstractPlainSocketImpl.java:242)
	at java.base/java.net.AbstractPlainSocketImpl.connect(AbstractPlainSocketImpl.java:224)
	at java.base/java.net.SocksSocketImpl.connect(SocksSocketImpl.java:363)
	at java.base/java.net.Socket.connect(Socket.java:608)
	at org.apache.http.conn.scheme.PlainSocketFactory.connectSocket(PlainSocketFactory.java:123)
	at com.eviware.soapui.impl.wsdl.support.http.SoapUIMultiThreadedHttpConnectionManager$SoapUIClientConnectionOperator.openConnection(SoapUIMultiThreadedHttpConnectionManager.java:310)
	... 24 more
2021-07-28 10:14:37,960 ERROR [WsdlSubmit] Exception in request: java.net.SocketTimeoutException: Read timed out
2021-07-28 10:14:37,962 ERROR [errorlog] java.net.SocketTimeoutException: Read timed out
java.net.SocketTimeoutException: Read timed out
	at java.base/java.net.SocketInputStream.socketRead0(Native Method)
	at java.base/java.net.SocketInputStream.socketRead(SocketInputStream.java:115)
	at java.base/java.net.SocketInputStream.read(SocketInputStream.java:168)
	at java.base/java.net.SocketInputStream.read(SocketInputStream.java:140)
	at org.apache.http.impl.io.AbstractSessionInputBuffer.fillBuffer(AbstractSessionInputBuffer.java:149)
	at org.apache.http.impl.io.SocketInputBuffer.fillBuffer(SocketInputBuffer.java:110)
	at org.apache.http.impl.io.AbstractSessionInputBuffer.readLine(AbstractSessionInputBuffer.java:264)
	at org.apache.http.impl.conn.DefaultResponseParser.parseHead(DefaultResponseParser.java:98)
	at org.apache.http.impl.io.AbstractMessageParser.parse(AbstractMessageParser.java:252)
	at org.apache.http.impl.AbstractHttpClientConnection.receiveResponseHeader(AbstractHttpClientConnection.java:281)
	at org.apache.http.impl.conn.DefaultClientConnection.receiveResponseHeader(DefaultClientConnection.java:247)
	at org.apache.http.impl.conn.AbstractClientConnAdapter.receiveResponseHeader(AbstractClientConnAdapter.java:219)
	at com.eviware.soapui.impl.wsdl.support.http.HttpClientSupport$SoapUIHttpRequestExecutor.doReceiveResponse(HttpClientSupport.java:147)
	at org.apache.http.protocol.HttpRequestExecutor.execute(HttpRequestExecutor.java:125)
	at org.apache.http.impl.client.DefaultRequestDirector.tryExecute(DefaultRequestDirector.java:633)
	at org.apache.http.impl.client.DefaultRequestDirector.execute(DefaultRequestDirector.java:454)
	at org.apache.http.impl.client.AbstractHttpClient.execute(AbstractHttpClient.java:820)
	at org.apache.http.impl.client.AbstractHttpClient.execute(AbstractHttpClient.java:754)
	at com.eviware.soapui.impl.wsdl.support.http.HttpClientSupport$Helper.execute(HttpClientSupport.java:247)
	at com.eviware.soapui.impl.wsdl.support.http.HttpClientSupport.execute(HttpClientSupport.java:362)
	at com.eviware.soapui.impl.wsdl.submit.transports.http.HttpClientRequestTransport.submitRequest(HttpClientRequestTransport.java:324)
	at com.eviware.soapui.impl.wsdl.submit.transports.http.HttpClientRequestTransport.sendRequest(HttpClientRequestTransport.java:237)
	at com.eviware.soapui.impl.wsdl.WsdlSubmit.run(WsdlSubmit.java:127)
	at com.eviware.soapui.impl.wsdl.WsdlSubmit.submitRequest(WsdlSubmit.java:80)
	at com.eviware.soapui.impl.wsdl.WsdlRequest.submit(WsdlRequest.java:242)
	at com.eviware.soapui.impl.wsdl.teststeps.WsdlTestRequestStep.run(WsdlTestRequestStep.java:419)
	at com.eviware.soapui.impl.wsdl.support.AbstractTestCaseRunner.runTestStep(AbstractTestCaseRunner.java:239)
	at com.eviware.soapui.impl.wsdl.testcase.WsdlTestCaseRunner.runCurrentTestStep(WsdlTestCaseRunner.java:52)
	at com.eviware.soapui.impl.wsdl.support.AbstractTestCaseRunner.internalRun(AbstractTestCaseRunner.java:152)
	at com.eviware.soapui.impl.wsdl.support.AbstractTestCaseRunner.internalRun(AbstractTestCaseRunner.java:47)
	at com.eviware.soapui.impl.wsdl.support.AbstractTestRunner.run(AbstractTestRunner.java:139)
	at java.base/java.util.concurrent.Executors$RunnableAdapter.call(Executors.java:515)
	at java.base/java.util.concurrent.FutureTask.run(FutureTask.java:264)
	at java.base/java.util.concurrent.ThreadPoolExecutor.runWorker(ThreadPoolExecutor.java:1128)
	at java.base/java.util.concurrent.ThreadPoolExecutor$Worker.run(ThreadPoolExecutor.java:628)
	at java.base/java.lang.Thread.run(Thread.java:834)
